[02-Jul-2023 02:50:29 UTC] size: featured-thumbnail
[02-Jul-2023 02:50:29 UTC] size: featured-thumbnail
[02-Jul-2023 02:50:29 UTC] size: featured-thumbnail
[02-Jul-2023 02:50:29 UTC] size: featured-thumbnail
[02-Jul-2023 02:50:29 UTC] size: featured-thumbnail
[02-Jul-2023 02:50:29 UTC] size: featured-thumbnail
[02-Jul-2023 02:50:29 UTC] size: featured-thumbnail
[02-Jul-2023 02:50:29 UTC] size: featured-thumbnail
[02-Jul-2023 02:50:29 UTC] size: featured-thumbnail
[02-Jul-2023 02:57:42 UTC] size: featured-thumbnail
[02-Jul-2023 02:57:42 UTC] size: featured-thumbnail
[02-Jul-2023 02:57:42 UTC] size: featured-thumbnail
[02-Jul-2023 02:57:42 UTC] size: featured-thumbnail
[02-Jul-2023 02:57:42 UTC] size: featured-thumbnail
[02-Jul-2023 02:57:42 UTC] size: featured-thumbnail
[02-Jul-2023 02:57:42 UTC] size: featured-thumbnail
[02-Jul-2023 02:57:42 UTC] size: featured-thumbnail
[02-Jul-2023 02:57:42 UTC] size: featured-thumbnail
[02-Jul-2023 02:58:11 UTC] size: featured-thumbnail
[02-Jul-2023 02:58:11 UTC] size: featured-thumbnail
[02-Jul-2023 02:58:11 UTC] size: featured-thumbnail
[02-Jul-2023 02:58:11 UTC] size: featured-thumbnail
[02-Jul-2023 02:58:11 UTC] size: featured-thumbnail
[02-Jul-2023 02:58:11 UTC] size: featured-thumbnail
[02-Jul-2023 02:58:11 UTC] size: featured-thumbnail
[02-Jul-2023 02:58:11 UTC] size: featured-thumbnail
[02-Jul-2023 02:58:11 UTC] size: featured-thumbnail
[02-Jul-2023 03:02:46 UTC] size: featured-thumbnail
[02-Jul-2023 03:02:46 UTC] size: featured-thumbnail
[02-Jul-2023 03:02:46 UTC] size: featured-thumbnail
[02-Jul-2023 03:02:46 UTC] size: featured-thumbnail
[02-Jul-2023 03:02:46 UTC] size: featured-thumbnail
[02-Jul-2023 03:02:46 UTC] size: featured-thumbnail
[02-Jul-2023 03:02:46 UTC] size: featured-thumbnail
[02-Jul-2023 03:02:46 UTC] size: featured-thumbnail
[02-Jul-2023 03:02:46 UTC] size: featured-thumbnail
[02-Jul-2023 03:05:08 UTC] size: featured-thumbnail
[02-Jul-2023 03:05:08 UTC] size: featured-thumbnail
[02-Jul-2023 03:05:08 UTC] size: featured-thumbnail
[02-Jul-2023 03:05:08 UTC] size: featured-thumbnail
[02-Jul-2023 03:05:08 UTC] size: featured-thumbnail
[02-Jul-2023 03:05:08 UTC] size: featured-thumbnail
[02-Jul-2023 03:05:08 UTC] size: featured-thumbnail
[02-Jul-2023 03:05:08 UTC] size: featured-thumbnail
[02-Jul-2023 03:05:08 UTC] size: featured-thumbnail
[02-Jul-2023 03:06:50 UTC] size: featured-thumbnail
[02-Jul-2023 03:06:50 UTC] size: featured-thumbnail
[02-Jul-2023 03:06:50 UTC] size: featured-thumbnail
[02-Jul-2023 03:06:50 UTC] size: featured-thumbnail
[02-Jul-2023 03:06:50 UTC] size: featured-thumbnail
[02-Jul-2023 03:06:50 UTC] size: featured-thumbnail
[02-Jul-2023 03:06:50 UTC] size: featured-thumbnail
[02-Jul-2023 03:06:50 UTC] size: featured-thumbnail
[02-Jul-2023 03:06:50 UTC] size: featured-thumbnail
[02-Jul-2023 03:07:15 UTC] size: featured-thumbnail
[02-Jul-2023 03:07:15 UTC] size: featured-thumbnail
[02-Jul-2023 03:07:15 UTC] size: featured-thumbnail
[02-Jul-2023 03:07:15 UTC] size: featured-thumbnail
[02-Jul-2023 03:07:15 UTC] size: featured-thumbnail
[02-Jul-2023 03:07:15 UTC] size: featured-thumbnail
[02-Jul-2023 03:07:15 UTC] size: featured-thumbnail
[02-Jul-2023 03:07:15 UTC] size: featured-thumbnail
[02-Jul-2023 03:07:15 UTC] size: featured-thumbnail
[02-Jul-2023 03:07:50 UTC] size: featured-thumbnail
[02-Jul-2023 03:07:50 UTC] size: featured-thumbnail
[02-Jul-2023 03:07:50 UTC] size: featured-thumbnail
[02-Jul-2023 03:07:50 UTC] size: featured-thumbnail
[02-Jul-2023 03:07:50 UTC] size: featured-thumbnail
[02-Jul-2023 03:07:50 UTC] size: featured-thumbnail
[02-Jul-2023 03:07:50 UTC] size: featured-thumbnail
[02-Jul-2023 03:07:50 UTC] size: featured-thumbnail
[02-Jul-2023 03:07:50 UTC] size: featured-thumbnail
[02-Jul-2023 03:11:12 UTC] size: featured-thumbnail
[02-Jul-2023 03:11:12 UTC] size: featured-thumbnail
[02-Jul-2023 03:11:12 UTC] size: featured-thumbnail
[02-Jul-2023 03:11:12 UTC] size: featured-thumbnail
[02-Jul-2023 03:11:12 UTC] size: featured-thumbnail
[02-Jul-2023 03:11:12 UTC] size: featured-thumbnail
[02-Jul-2023 03:11:12 UTC] size: featured-thumbnail
[02-Jul-2023 03:11:12 UTC] size: featured-thumbnail
[02-Jul-2023 03:11:12 UTC] size: featured-thumbnail
[02-Jul-2023 03:52:08 UTC]  Cargado 
[02-Jul-2023 03:52:08 UTC]  Cargado 
[02-Jul-2023 03:52:10 UTC]  Cargado 
[02-Jul-2023 03:52:10 UTC]  Cargado 
[02-Jul-2023 03:52:10 UTC]  Cargado 
[02-Jul-2023 03:52:10 UTC]  Cargado 
[02-Jul-2023 03:52:10 UTC]  Cargado 
[02-Jul-2023 03:52:10 UTC]  Cargado 
[02-Jul-2023 03:52:10 UTC]  Cargado 
[02-Jul-2023 03:52:27 UTC]  Cargado 
[02-Jul-2023 03:52:27 UTC]  Cargado 
[02-Jul-2023 03:52:28 UTC]  Cargado 
[02-Jul-2023 03:52:29 UTC]  Cargado 
[02-Jul-2023 03:52:29 UTC]  Cargado 
[02-Jul-2023 03:52:29 UTC]  Cargado 
[02-Jul-2023 03:52:31 UTC]  Cargado 
[02-Jul-2023 03:52:31 UTC]  Cargado 
[02-Jul-2023 03:52:31 UTC]  Cargado 
[02-Jul-2023 03:52:31 UTC]  Cargado 
[02-Jul-2023 03:52:31 UTC]  Cargado 
[02-Jul-2023 03:52:31 UTC]  Cargado 
[02-Jul-2023 03:52:32 UTC]  Cargado 
[02-Jul-2023 03:52:35 UTC]  Cargado 
[02-Jul-2023 03:52:35 UTC]  Cargado 
[02-Jul-2023 03:52:35 UTC]  Cargado 
[02-Jul-2023 03:52:37 UTC]  Cargado 
[02-Jul-2023 03:52:37 UTC]  Cargado 
[02-Jul-2023 03:52:39 UTC]  Cargado 
[02-Jul-2023 03:52:40 UTC]  Cargado 
[02-Jul-2023 03:52:42 UTC]  Cargado 
[02-Jul-2023 03:52:42 UTC]  Cargado 
[02-Jul-2023 03:52:42 UTC]  Cargado 
[02-Jul-2023 03:52:42 UTC]  Cargado 
[02-Jul-2023 03:52:42 UTC]  Cargado 
[02-Jul-2023 03:52:42 UTC]  Cargado 
[02-Jul-2023 03:52:43 UTC]  Cargado 
[02-Jul-2023 03:52:47 UTC]  Cargado 
[02-Jul-2023 03:52:47 UTC]  Cargado 
[02-Jul-2023 03:52:48 UTC]  Cargado 
[02-Jul-2023 03:52:48 UTC]  Cargado 
[02-Jul-2023 03:52:49 UTC]  Cargado 
[02-Jul-2023 03:52:49 UTC]  Cargado 
[02-Jul-2023 03:52:50 UTC]  Cargado 
[02-Jul-2023 03:52:50 UTC]  Cargado 
[02-Jul-2023 03:52:50 UTC]  Cargado 
[02-Jul-2023 03:52:50 UTC]  Cargado 
[02-Jul-2023 03:52:50 UTC]  Cargado 
[02-Jul-2023 03:52:51 UTC]  Cargado 
[02-Jul-2023 03:52:51 UTC]  Cargado 
[02-Jul-2023 03:52:55 UTC]  Cargado 
[02-Jul-2023 03:52:55 UTC]  Cargado 
[02-Jul-2023 03:52:55 UTC]  Cargado 
[02-Jul-2023 03:52:56 UTC]  Cargado 
[02-Jul-2023 03:52:58 UTC]  Cargado 
[02-Jul-2023 03:52:58 UTC]  Cargado 
[02-Jul-2023 03:52:58 UTC]  Cargado 
[02-Jul-2023 03:52:58 UTC]  Cargado 
[02-Jul-2023 03:52:58 UTC]  Cargado 
[02-Jul-2023 03:52:58 UTC]  Cargado 
[02-Jul-2023 03:52:59 UTC]  Cargado 
[02-Jul-2023 03:53:57 UTC]  Cargado 
[02-Jul-2023 03:54:57 UTC]  Cargado 
[02-Jul-2023 16:48:19 UTC] PHP Warning:  Undefined variable $post_id in E:\xampp\htdocs\advanced-wp-theme-dev\wp-content\themes\aquila\inc\classes\class-meta-boxes.php on line 64
[03-Jul-2023 01:06:05 UTC] PHP Fatal error:  Uncaught ArgumentCountError: 2 arguments are required, 1 given in E:\xampp\htdocs\advanced-wp-theme-dev\wp-content\themes\aquila\template-parts\components\blog\entry-content.php:18
Stack trace:
#0 E:\xampp\htdocs\advanced-wp-theme-dev\wp-content\themes\aquila\template-parts\components\blog\entry-content.php(18): sprintf('Continue readin...')
#1 E:\xampp\htdocs\advanced-wp-theme-dev\wp-includes\template.php(785): require('E:\\xampp\\htdocs...')
#2 E:\xampp\htdocs\advanced-wp-theme-dev\wp-includes\template.php(718): load_template('E:\\xampp\\htdocs...', false, Array)
#3 E:\xampp\htdocs\advanced-wp-theme-dev\wp-includes\general-template.php(204): locate_template(Array, true, false, Array)
#4 E:\xampp\htdocs\advanced-wp-theme-dev\wp-content\themes\aquila\template-parts\content.php(19): get_template_part('template-parts/...')
#5 E:\xampp\htdocs\advanced-wp-theme-dev\wp-includes\template.php(785): require('E:\\xampp\\htdocs...')
#6 E:\xampp\htdocs\advanced-wp-theme-dev\wp-includes\template.php(718): load_template('E:\\xampp\\htdocs...', false, Array)
#7 E:\xampp\htdocs\advanced-wp-theme-dev\wp-includes\general-template.php(204): locate_template(Array, true, false, Array)
#8 E:\xampp\htdocs\advanced-wp-theme-dev\wp-content\themes\aquila\single.php(28): get_template_part('template-parts/...')
#9 E:\xampp\htdocs\advanced-wp-theme-dev\wp-includes\template-loader.php(106): include('E:\\xampp\\htdocs...')
#10 E:\xampp\htdocs\advanced-wp-theme-dev\wp-blog-header.php(19): require_once('E:\\xampp\\htdocs...')
#11 E:\xampp\htdocs\advanced-wp-theme-dev\index.php(17): require('E:\\xampp\\htdocs...')
#12 {main}
  thrown in E:\xampp\htdocs\advanced-wp-theme-dev\wp-content\themes\aquila\template-parts\components\blog\entry-content.php on line 18
[03-Jul-2023 01:07:11 UTC] PHP Fatal error:  Uncaught ArgumentCountError: 2 arguments are required, 1 given in E:\xampp\htdocs\advanced-wp-theme-dev\wp-content\themes\aquila\template-parts\components\blog\entry-content.php:18
Stack trace:
#0 E:\xampp\htdocs\advanced-wp-theme-dev\wp-content\themes\aquila\template-parts\components\blog\entry-content.php(18): sprintf('Continue readin...')
#1 E:\xampp\htdocs\advanced-wp-theme-dev\wp-includes\template.php(785): require('E:\\xampp\\htdocs...')
#2 E:\xampp\htdocs\advanced-wp-theme-dev\wp-includes\template.php(718): load_template('E:\\xampp\\htdocs...', false, Array)
#3 E:\xampp\htdocs\advanced-wp-theme-dev\wp-includes\general-template.php(204): locate_template(Array, true, false, Array)
#4 E:\xampp\htdocs\advanced-wp-theme-dev\wp-content\themes\aquila\template-parts\content.php(19): get_template_part('template-parts/...')
#5 E:\xampp\htdocs\advanced-wp-theme-dev\wp-includes\template.php(785): require('E:\\xampp\\htdocs...')
#6 E:\xampp\htdocs\advanced-wp-theme-dev\wp-includes\template.php(718): load_template('E:\\xampp\\htdocs...', false, Array)
#7 E:\xampp\htdocs\advanced-wp-theme-dev\wp-includes\general-template.php(204): locate_template(Array, true, false, Array)
#8 E:\xampp\htdocs\advanced-wp-theme-dev\wp-content\themes\aquila\single.php(28): get_template_part('template-parts/...')
#9 E:\xampp\htdocs\advanced-wp-theme-dev\wp-includes\template-loader.php(106): include('E:\\xampp\\htdocs...')
#10 E:\xampp\htdocs\advanced-wp-theme-dev\wp-blog-header.php(19): require_once('E:\\xampp\\htdocs...')
#11 E:\xampp\htdocs\advanced-wp-theme-dev\index.php(17): require('E:\\xampp\\htdocs...')
#12 {main}
  thrown in E:\xampp\htdocs\advanced-wp-theme-dev\wp-content\themes\aquila\template-parts\components\blog\entry-content.php on line 18
[03-Jul-2023 01:08:49 UTC] PHP Fatal error:  Uncaught ArgumentCountError: 2 arguments are required, 1 given in E:\xampp\htdocs\advanced-wp-theme-dev\wp-content\themes\aquila\template-parts\components\blog\entry-content.php:18
Stack trace:
#0 E:\xampp\htdocs\advanced-wp-theme-dev\wp-content\themes\aquila\template-parts\components\blog\entry-content.php(18): sprintf('Continue readin...')
#1 E:\xampp\htdocs\advanced-wp-theme-dev\wp-includes\template.php(785): require('E:\\xampp\\htdocs...')
#2 E:\xampp\htdocs\advanced-wp-theme-dev\wp-includes\template.php(718): load_template('E:\\xampp\\htdocs...', false, Array)
#3 E:\xampp\htdocs\advanced-wp-theme-dev\wp-includes\general-template.php(204): locate_template(Array, true, false, Array)
#4 E:\xampp\htdocs\advanced-wp-theme-dev\wp-content\themes\aquila\template-parts\content.php(19): get_template_part('template-parts/...')
#5 E:\xampp\htdocs\advanced-wp-theme-dev\wp-includes\template.php(785): require('E:\\xampp\\htdocs...')
#6 E:\xampp\htdocs\advanced-wp-theme-dev\wp-includes\template.php(718): load_template('E:\\xampp\\htdocs...', false, Array)
#7 E:\xampp\htdocs\advanced-wp-theme-dev\wp-includes\general-template.php(204): locate_template(Array, true, false, Array)
#8 E:\xampp\htdocs\advanced-wp-theme-dev\wp-content\themes\aquila\single.php(28): get_template_part('template-parts/...')
#9 E:\xampp\htdocs\advanced-wp-theme-dev\wp-includes\template-loader.php(106): include('E:\\xampp\\htdocs...')
#10 E:\xampp\htdocs\advanced-wp-theme-dev\wp-blog-header.php(19): require_once('E:\\xampp\\htdocs...')
#11 E:\xampp\htdocs\advanced-wp-theme-dev\index.php(17): require('E:\\xampp\\htdocs...')
#12 {main}
  thrown in E:\xampp\htdocs\advanced-wp-theme-dev\wp-content\themes\aquila\template-parts\components\blog\entry-content.php on line 18
[03-Jul-2023 01:09:58 UTC] PHP Fatal error:  Uncaught ArgumentCountError: 2 arguments are required, 1 given in E:\xampp\htdocs\advanced-wp-theme-dev\wp-content\themes\aquila\template-parts\components\blog\entry-content.php:18
Stack trace:
#0 E:\xampp\htdocs\advanced-wp-theme-dev\wp-content\themes\aquila\template-parts\components\blog\entry-content.php(18): sprintf('Continue readin...')
#1 E:\xampp\htdocs\advanced-wp-theme-dev\wp-includes\template.php(785): require('E:\\xampp\\htdocs...')
#2 E:\xampp\htdocs\advanced-wp-theme-dev\wp-includes\template.php(718): load_template('E:\\xampp\\htdocs...', false, Array)
#3 E:\xampp\htdocs\advanced-wp-theme-dev\wp-includes\general-template.php(204): locate_template(Array, true, false, Array)
#4 E:\xampp\htdocs\advanced-wp-theme-dev\wp-content\themes\aquila\template-parts\content.php(19): get_template_part('template-parts/...')
#5 E:\xampp\htdocs\advanced-wp-theme-dev\wp-includes\template.php(785): require('E:\\xampp\\htdocs...')
#6 E:\xampp\htdocs\advanced-wp-theme-dev\wp-includes\template.php(718): load_template('E:\\xampp\\htdocs...', false, Array)
#7 E:\xampp\htdocs\advanced-wp-theme-dev\wp-includes\general-template.php(204): locate_template(Array, true, false, Array)
#8 E:\xampp\htdocs\advanced-wp-theme-dev\wp-content\themes\aquila\single.php(28): get_template_part('template-parts/...')
#9 E:\xampp\htdocs\advanced-wp-theme-dev\wp-includes\template-loader.php(106): include('E:\\xampp\\htdocs...')
#10 E:\xampp\htdocs\advanced-wp-theme-dev\wp-blog-header.php(19): require_once('E:\\xampp\\htdocs...')
#11 E:\xampp\htdocs\advanced-wp-theme-dev\index.php(17): require('E:\\xampp\\htdocs...')
#12 {main}
  thrown in E:\xampp\htdocs\advanced-wp-theme-dev\wp-content\themes\aquila\template-parts\components\blog\entry-content.php on line 18
[03-Jul-2023 01:11:11 UTC] PHP Fatal error:  Uncaught ArgumentCountError: 2 arguments are required, 1 given in E:\xampp\htdocs\advanced-wp-theme-dev\wp-content\themes\aquila\template-parts\components\blog\entry-content.php:18
Stack trace:
#0 E:\xampp\htdocs\advanced-wp-theme-dev\wp-content\themes\aquila\template-parts\components\blog\entry-content.php(18): sprintf('Continue readin...')
#1 E:\xampp\htdocs\advanced-wp-theme-dev\wp-includes\template.php(785): require('E:\\xampp\\htdocs...')
#2 E:\xampp\htdocs\advanced-wp-theme-dev\wp-includes\template.php(718): load_template('E:\\xampp\\htdocs...', false, Array)
#3 E:\xampp\htdocs\advanced-wp-theme-dev\wp-includes\general-template.php(204): locate_template(Array, true, false, Array)
#4 E:\xampp\htdocs\advanced-wp-theme-dev\wp-content\themes\aquila\template-parts\content.php(19): get_template_part('template-parts/...')
#5 E:\xampp\htdocs\advanced-wp-theme-dev\wp-includes\template.php(785): require('E:\\xampp\\htdocs...')
#6 E:\xampp\htdocs\advanced-wp-theme-dev\wp-includes\template.php(718): load_template('E:\\xampp\\htdocs...', false, Array)
#7 E:\xampp\htdocs\advanced-wp-theme-dev\wp-includes\general-template.php(204): locate_template(Array, true, false, Array)
#8 E:\xampp\htdocs\advanced-wp-theme-dev\wp-content\themes\aquila\single.php(28): get_template_part('template-parts/...')
#9 E:\xampp\htdocs\advanced-wp-theme-dev\wp-includes\template-loader.php(106): include('E:\\xampp\\htdocs...')
#10 E:\xampp\htdocs\advanced-wp-theme-dev\wp-blog-header.php(19): require_once('E:\\xampp\\htdocs...')
#11 E:\xampp\htdocs\advanced-wp-theme-dev\index.php(17): require('E:\\xampp\\htdocs...')
#12 {main}
  thrown in E:\xampp\htdocs\advanced-wp-theme-dev\wp-content\themes\aquila\template-parts\components\blog\entry-content.php on line 18
[03-Jul-2023 01:11:45 UTC] PHP Fatal error:  Uncaught ArgumentCountError: 2 arguments are required, 1 given in E:\xampp\htdocs\advanced-wp-theme-dev\wp-content\themes\aquila\template-parts\components\blog\entry-content.php:19
Stack trace:
#0 E:\xampp\htdocs\advanced-wp-theme-dev\wp-content\themes\aquila\template-parts\components\blog\entry-content.php(19): sprintf('Continue readin...')
#1 E:\xampp\htdocs\advanced-wp-theme-dev\wp-includes\template.php(785): require('E:\\xampp\\htdocs...')
#2 E:\xampp\htdocs\advanced-wp-theme-dev\wp-includes\template.php(718): load_template('E:\\xampp\\htdocs...', false, Array)
#3 E:\xampp\htdocs\advanced-wp-theme-dev\wp-includes\general-template.php(204): locate_template(Array, true, false, Array)
#4 E:\xampp\htdocs\advanced-wp-theme-dev\wp-content\themes\aquila\template-parts\content.php(19): get_template_part('template-parts/...')
#5 E:\xampp\htdocs\advanced-wp-theme-dev\wp-includes\template.php(785): require('E:\\xampp\\htdocs...')
#6 E:\xampp\htdocs\advanced-wp-theme-dev\wp-includes\template.php(718): load_template('E:\\xampp\\htdocs...', false, Array)
#7 E:\xampp\htdocs\advanced-wp-theme-dev\wp-includes\general-template.php(204): locate_template(Array, true, false, Array)
#8 E:\xampp\htdocs\advanced-wp-theme-dev\wp-content\themes\aquila\single.php(28): get_template_part('template-parts/...')
#9 E:\xampp\htdocs\advanced-wp-theme-dev\wp-includes\template-loader.php(106): include('E:\\xampp\\htdocs...')
#10 E:\xampp\htdocs\advanced-wp-theme-dev\wp-blog-header.php(19): require_once('E:\\xampp\\htdocs...')
#11 E:\xampp\htdocs\advanced-wp-theme-dev\index.php(17): require('E:\\xampp\\htdocs...')
#12 {main}
  thrown in E:\xampp\htdocs\advanced-wp-theme-dev\wp-content\themes\aquila\template-parts\components\blog\entry-content.php on line 19
[03-Jul-2023 01:12:42 UTC] PHP Fatal error:  Uncaught ArgumentCountError: 2 arguments are required, 1 given in E:\xampp\htdocs\advanced-wp-theme-dev\wp-content\themes\aquila\template-parts\components\blog\entry-content.php:19
Stack trace:
#0 E:\xampp\htdocs\advanced-wp-theme-dev\wp-content\themes\aquila\template-parts\components\blog\entry-content.php(19): sprintf('Continue readin...')
#1 E:\xampp\htdocs\advanced-wp-theme-dev\wp-includes\template.php(785): require('E:\\xampp\\htdocs...')
#2 E:\xampp\htdocs\advanced-wp-theme-dev\wp-includes\template.php(718): load_template('E:\\xampp\\htdocs...', false, Array)
#3 E:\xampp\htdocs\advanced-wp-theme-dev\wp-includes\general-template.php(204): locate_template(Array, true, false, Array)
#4 E:\xampp\htdocs\advanced-wp-theme-dev\wp-content\themes\aquila\template-parts\content.php(19): get_template_part('template-parts/...')
#5 E:\xampp\htdocs\advanced-wp-theme-dev\wp-includes\template.php(785): require('E:\\xampp\\htdocs...')
#6 E:\xampp\htdocs\advanced-wp-theme-dev\wp-includes\template.php(718): load_template('E:\\xampp\\htdocs...', false, Array)
#7 E:\xampp\htdocs\advanced-wp-theme-dev\wp-includes\general-template.php(204): locate_template(Array, true, false, Array)
#8 E:\xampp\htdocs\advanced-wp-theme-dev\wp-content\themes\aquila\single.php(28): get_template_part('template-parts/...')
#9 E:\xampp\htdocs\advanced-wp-theme-dev\wp-includes\template-loader.php(106): include('E:\\xampp\\htdocs...')
#10 E:\xampp\htdocs\advanced-wp-theme-dev\wp-blog-header.php(19): require_once('E:\\xampp\\htdocs...')
#11 E:\xampp\htdocs\advanced-wp-theme-dev\index.php(17): require('E:\\xampp\\htdocs...')
#12 {main}
  thrown in E:\xampp\htdocs\advanced-wp-theme-dev\wp-content\themes\aquila\template-parts\components\blog\entry-content.php on line 19
[03-Jul-2023 01:12:44 UTC] PHP Fatal error:  Uncaught ArgumentCountError: 2 arguments are required, 1 given in E:\xampp\htdocs\advanced-wp-theme-dev\wp-content\themes\aquila\template-parts\components\blog\entry-content.php:19
Stack trace:
#0 E:\xampp\htdocs\advanced-wp-theme-dev\wp-content\themes\aquila\template-parts\components\blog\entry-content.php(19): sprintf('Continue readin...')
#1 E:\xampp\htdocs\advanced-wp-theme-dev\wp-includes\template.php(785): require('E:\\xampp\\htdocs...')
#2 E:\xampp\htdocs\advanced-wp-theme-dev\wp-includes\template.php(718): load_template('E:\\xampp\\htdocs...', false, Array)
#3 E:\xampp\htdocs\advanced-wp-theme-dev\wp-includes\general-template.php(204): locate_template(Array, true, false, Array)
#4 E:\xampp\htdocs\advanced-wp-theme-dev\wp-content\themes\aquila\template-parts\content.php(19): get_template_part('template-parts/...')
#5 E:\xampp\htdocs\advanced-wp-theme-dev\wp-includes\template.php(785): require('E:\\xampp\\htdocs...')
#6 E:\xampp\htdocs\advanced-wp-theme-dev\wp-includes\template.php(718): load_template('E:\\xampp\\htdocs...', false, Array)
#7 E:\xampp\htdocs\advanced-wp-theme-dev\wp-includes\general-template.php(204): locate_template(Array, true, false, Array)
#8 E:\xampp\htdocs\advanced-wp-theme-dev\wp-content\themes\aquila\single.php(28): get_template_part('template-parts/...')
#9 E:\xampp\htdocs\advanced-wp-theme-dev\wp-includes\template-loader.php(106): include('E:\\xampp\\htdocs...')
#10 E:\xampp\htdocs\advanced-wp-theme-dev\wp-blog-header.php(19): require_once('E:\\xampp\\htdocs...')
#11 E:\xampp\htdocs\advanced-wp-theme-dev\index.php(17): require('E:\\xampp\\htdocs...')
#12 {main}
  thrown in E:\xampp\htdocs\advanced-wp-theme-dev\wp-content\themes\aquila\template-parts\components\blog\entry-content.php on line 19
